[debug] [2023-06-21T15:42:47.189Z] ----------------------------------------------------------------------
[debug] [2023-06-21T15:42:47.191Z] Command:       C:\Program Files\nodejs\node.exe C:\Users\User\AppData\Roaming\npm\node_modules\firebase-tools\lib\bin\firebase.js init
[debug] [2023-06-21T15:42:47.191Z] CLI Version:   12.4.0
[debug] [2023-06-21T15:42:47.192Z] Platform:      win32
[debug] [2023-06-21T15:42:47.192Z] Node Version:  v18.16.0
[debug] [2023-06-21T15:42:47.193Z] Time:          Wed Jun 21 2023 21:12:47 GMT+0530 (India Standard Time)
[debug] [2023-06-21T15:42:47.194Z] ----------------------------------------------------------------------
[debug] 
[debug] [2023-06-21T15:42:47.356Z] > command requires scopes: ["email","openid","https://www.googleapis.com/auth/cloudplatformprojects.readonly","https://www.googleapis.com/auth/firebase","https://www.googleapis.com/auth/cloud-platform"]
[debug] [2023-06-21T15:42:47.357Z] > authorizing via signed-in user (aratirotti9@gmail.com)
[info] 
     ######## #### ########  ######## ########     ###     ######  ########
     ##        ##  ##     ## ##       ##     ##  ##   ##  ##       ##
     ######    ##  ########  ######   ########  #########  ######  ######
     ##        ##  ##    ##  ##       ##     ## ##     ##       ## ##
     ##       #### ##     ## ######## ########  ##     ##  ######  ########

You're about to initialize a Firebase project in this directory:

  C:\Users\User\Desktop\Projects\react-portfolio

Before we get started, keep in mind:

  * You are initializing within an existing Firebase project directory

[info] 
=== Project Setup
[info] 
[info] First, let's associate this project directory with a Firebase project.
[info] You can create multiple project aliases by running firebase use --add, 
[info] but for now we'll just set up a default project.
[info] 
[debug] [2023-06-21T15:42:58.714Z] Using project from CLI flag: portfolio-dashboard-11b73
[debug] [2023-06-21T15:42:58.716Z] > refreshing access token with scopes: []
[debug] [2023-06-21T15:42:58.732Z] >>> [apiv2][query] POST https://www.googleapis.com/oauth2/v3/token [none]
[debug] [2023-06-21T15:42:58.732Z] >>> [apiv2][body] POST https://www.googleapis.com/oauth2/v3/token [omitted]
[debug] [2023-06-21T15:42:59.058Z] <<< [apiv2][status] POST https://www.googleapis.com/oauth2/v3/token 200
[debug] [2023-06-21T15:42:59.058Z] <<< [apiv2][body] POST https://www.googleapis.com/oauth2/v3/token [omitted]
[debug] [2023-06-21T15:42:59.083Z] >>> [apiv2][query] GET https://firebase.googleapis.com/v1beta1/projects/portfolio-dashboard-11b73 [none]
[debug] [2023-06-21T15:42:59.781Z] <<< [apiv2][status] GET https://firebase.googleapis.com/v1beta1/projects/portfolio-dashboard-11b73 200
[debug] [2023-06-21T15:42:59.781Z] <<< [apiv2][body] GET https://firebase.googleapis.com/v1beta1/projects/portfolio-dashboard-11b73 {"projectId":"portfolio-dashboard-11b73","projectNumber":"407703760839","displayName":"Portfolio dashboard","name":"projects/portfolio-dashboard-11b73","resources":{"hostingSite":"portfolio-dashboard-11b73","storageBucket":"portfolio-dashboard-11b73.appspot.com","locationId":"asia-south1"},"state":"ACTIVE","etag":"1_0acf8a9a-f5de-4aba-b52a-a6f28cc2578e"}
[info] i  Using project portfolio-dashboard-11b73 (Portfolio dashboard) 
[info] 
=== Hosting Setup
[info] 
[info] Your public directory is the folder (relative to your project directory) that
[info] will contain Hosting assets to be uploaded with firebase deploy. If you
[info] have a build process for your assets, use your build's output directory.
[info] 
[debug] [2023-06-21T15:43:24.556Z] >>> [apiv2][query] GET https://www.gstatic.com/firebasejs/releases.json [none]
[debug] [2023-06-21T15:43:24.707Z] <<< [apiv2][status] GET https://www.gstatic.com/firebasejs/releases.json 200
[debug] [2023-06-21T15:43:24.707Z] <<< [apiv2][body] GET https://www.gstatic.com/firebasejs/releases.json {"current":{"version":"9.22.2","browserURL":"https://www.gstatic.com/firebasejs/9.22.2/firebase.js","packageURL":"https://www.gstatic.com/firebasejs/9.22.2/firebase.tgz"},"live":{"version":"9.22","browserURL":"https://www.gstatic.com/firebasejs/live/9.22/firebase.js","packageURL":"https://www.gstatic.com/firebasejs/live/9.22/firebase.tgz"},"components":{"analytics":"https://www.gstatic.com/firebasejs/9.22.2/firebase-analytics.js","app":"https://www.gstatic.com/firebasejs/9.22.2/firebase-app.js","app-check":"https://www.gstatic.com/firebasejs/9.22.2/firebase-app-check.js","auth":"https://www.gstatic.com/firebasejs/9.22.2/firebase-auth.js","auth/cordova":"https://www.gstatic.com/firebasejs/9.22.2/firebase-auth/cordova.js","auth/react-native":"https://www.gstatic.com/firebasejs/9.22.2/firebase-auth/react-native.js","functions":"https://www.gstatic.com/firebasejs/9.22.2/firebase-functions.js","firestore":"https://www.gstatic.com/firebasejs/9.22.2/firebase-firestore.js","firestore/lite":"https://www.gstatic.com/firebasejs/9.22.2/firebase-firestore/lite.js","installations":"https://www.gstatic.com/firebasejs/9.22.2/firebase-installations.js","storage":"https://www.gstatic.com/firebasejs/9.22.2/firebase-storage.js","performance":"https://www.gstatic.com/firebasejs/9.22.2/firebase-performance.js","remote-config":"https://www.gstatic.com/firebasejs/9.22.2/firebase-remote-config.js","messaging":"https://www.gstatic.com/firebasejs/9.22.2/firebase-messaging.js","messaging/sw":"https://www.gstatic.com/firebasejs/9.22.2/firebase-messaging/sw.js","database":"https://www.gstatic.com/firebasejs/9.22.2/firebase-database.js","firestore.memory":"https://www.gstatic.com/firebasejs/9.22.2/firebase-firestore.memory.js"}}
[info] +  Wrote public/index.html 
[info] 
[info] i  Detected a .git folder at C:\Users\User\Desktop\Projects\react-portfolio 
[info] i  Authorizing with GitHub to upload your service account to a GitHub repository's secrets store. 
[info] 
[info] Visit this URL on this device to log in:
[info] https://github.com/login/oauth/authorize?client_id=89cf50f02ac6aaed3484&state=202384486&redirect_uri=http%3A%2F%2Flocalhost%3A9005&scope=read%3Auser%20repo%20public_repo
[info] 
[info] Waiting for authentication...
[debug] [2023-06-21T15:43:28.133Z] >>> [apiv2][query] POST https://github.com/login/oauth/access_token [none]
[debug] [2023-06-21T15:43:28.133Z] >>> [apiv2][body] POST https://github.com/login/oauth/access_token [stream]
[debug] [2023-06-21T15:43:28.705Z] <<< [apiv2][status] POST https://github.com/login/oauth/access_token 200
[debug] [2023-06-21T15:43:28.705Z] <<< [apiv2][body] POST https://github.com/login/oauth/access_token {"access_token":"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","token_type":"bearer","scope":"read:user,repo"}
[debug] [2023-06-21T15:43:28.729Z] >>> [apiv2][query] GET https://api.github.com/user [none]
[debug] [2023-06-21T15:43:29.240Z] <<< [apiv2][status] GET https://api.github.com/user 200
[debug] [2023-06-21T15:43:29.241Z] <<< [apiv2][body] GET https://api.github.com/user {"login":"AratiRotti1997","id":58043906,"node_id":"MDQ6VXNlcjU4MDQzOTA2","avatar_url":"https://avatars.githubusercontent.com/u/58043906?v=4","gravatar_id":"","url":"https://api.github.com/users/AratiRotti1997","html_url":"https://github.com/AratiRotti1997","followers_url":"https://api.github.com/users/AratiRotti1997/followers","following_url":"https://api.github.com/users/AratiRotti1997/following{/other_user}","gists_url":"https://api.github.com/users/AratiRotti1997/gists{/gist_id}","starred_url":"https://api.github.com/users/AratiRotti1997/starred{/owner}{/repo}","subscriptions_url":"https://api.github.com/users/AratiRotti1997/subscriptions","organizations_url":"https://api.github.com/users/AratiRotti1997/orgs","repos_url":"https://api.github.com/users/AratiRotti1997/repos","events_url":"https://api.github.com/users/AratiRotti1997/events{/privacy}","received_events_url":"https://api.github.com/users/AratiRotti1997/received_events","type":"User","site_admin":false,"name":"Arati Rotti","company":null,"blog":"","location":null,"email":null,"hireable":true,"bio":"I am a Computer Engineer graduated in 2021, looking forward to pursue my career as a full-stack developer.","twitter_username":"AratiRotti9","public_repos":5,"public_gists":0,"followers":0,"following":5,"created_at":"2019-11-21T16:35:17Z","updated_at":"2023-06-16T13:35:52Z","private_gists":0,"total_private_repos":1,"owned_private_repos":1,"disk_usage":18659,"collaborators":0,"two_factor_authentication":false,"plan":{"name":"free","space":976562499,"collaborators":0,"private_repos":10000}}
[info] 
[info] +  Success! Logged into GitHub as AratiRotti1997 
[info] 
